<?xml version="1.0" encoding="UTF-8"?>
<!-- Generated by org.testng.reporters.JUnitReportReporter -->
<testsuite hostname="LAPTOP-8BU1SF3T" failures="0" tests="1" name="testng.testngclass" time="0.003" errors="0" timestamp="2021-08-31T16:45:53 IST" skipped="0">
  <testcase classname="testng.testngclass" name="f" time="0.003"/>
  <system-out/>
</testsuite> <!-- testng.testngclass -->
